[debug] [2022-10-04T14:53:58.384Z] ----------------------------------------------------------------------
[debug] [2022-10-04T14:53:58.385Z] Command:       /Users/hyuk/.nvm/versions/node/v16.14.0/bin/node /Users/hyuk/.nvm/versions/node/v16.14.0/bin/firebase emulators:start
[debug] [2022-10-04T14:53:58.385Z] CLI Version:   11.11.0
[debug] [2022-10-04T14:53:58.385Z] Platform:      darwin
[debug] [2022-10-04T14:53:58.385Z] Node Version:  v16.14.0
[debug] [2022-10-04T14:53:58.386Z] Time:          Tue Oct 04 2022 23:53:58 GMT+0900 (대한민국 표준시)
[debug] [2022-10-04T14:53:58.386Z] ----------------------------------------------------------------------
[debug] 
[debug] [2022-10-04T14:53:58.416Z] > command requires scopes: ["email","openid","https://www.googleapis.com/auth/cloudplatformprojects.readonly","https://www.googleapis.com/auth/firebase","https://www.googleapis.com/auth/cloud-platform"]
[debug] [2022-10-04T14:53:58.417Z] > authorizing via signed-in user (hyuk2richard@gmail.com)
[info] i  emulators: Starting emulators: functions {"metadata":{"emulator":{"name":"hub"},"message":"Starting emulators: functions"}}
[debug] [2022-10-04T14:53:58.426Z] [hub] writing locator at /var/folders/dx/h_kxw5d95psfj7kd3sd1c_hr0000gn/T/hub-project-b9e3c.json
[warn] ⚠  functions: The following emulators are not running, calls to these services from the Functions emulator will affect production: auth, firestore, database, hosting, pubsub, storage, eventarc {"metadata":{"emulator":{"name":"functions"},"message":"The following emulators are not running, calls to these services from the Functions emulator will affect production: \u001b[1mauth, firestore, database, hosting, pubsub, storage, eventarc\u001b[22m"}}
[info] ✔  functions: Using node@16 from host. {"metadata":{"emulator":{"name":"functions"},"message":"Using node@16 from host."}}
[debug] [2022-10-04T14:53:58.443Z] defaultcredentials: writing to file /Users/hyuk/.config/firebase/hyuk2richard_gmail_com_application_default_credentials.json
[debug] [2022-10-04T14:53:58.444Z] Setting GAC to /Users/hyuk/.config/firebase/hyuk2richard_gmail_com_application_default_credentials.json {"metadata":{"emulator":{"name":"functions"},"message":"Setting GAC to /Users/hyuk/.config/firebase/hyuk2richard_gmail_com_application_default_credentials.json"}}
[debug] [2022-10-04T14:53:58.445Z] >>> [apiv2][query] GET https://firebase.googleapis.com/v1beta1/projects/project-b9e3c/adminSdkConfig [none]
[debug] [2022-10-04T14:53:59.004Z] <<< [apiv2][status] GET https://firebase.googleapis.com/v1beta1/projects/project-b9e3c/adminSdkConfig 200
[debug] [2022-10-04T14:53:59.005Z] <<< [apiv2][body] GET https://firebase.googleapis.com/v1beta1/projects/project-b9e3c/adminSdkConfig {"projectId":"project-b9e3c","storageBucket":"project-b9e3c.appspot.com","locationId":"us-central"}
[debug] [2022-10-04T14:53:59.035Z] Ignoring unsupported arg: auto_download {"metadata":{"emulator":{"name":"ui"},"message":"Ignoring unsupported arg: auto_download"}}
[debug] [2022-10-04T14:53:59.036Z] Ignoring unsupported arg: port {"metadata":{"emulator":{"name":"ui"},"message":"Ignoring unsupported arg: port"}}
[debug] [2022-10-04T14:53:59.036Z] Starting Emulator UI with command {"binary":"node","args":["/Users/hyuk/.cache/firebase/emulators/ui-v1.9.0/server/server.js"],"optionalArgs":[],"joinArgs":false} {"metadata":{"emulator":{"name":"ui"},"message":"Starting Emulator UI with command {\"binary\":\"node\",\"args\":[\"/Users/hyuk/.cache/firebase/emulators/ui-v1.9.0/server/server.js\"],\"optionalArgs\":[],\"joinArgs\":false}"}}
[info] i  ui: Emulator UI logging to ui-debug.log {"metadata":{"emulator":{"name":"ui"},"message":"Emulator UI logging to \u001b[1mui-debug.log\u001b[22m"}}
[debug] [2022-10-04T14:53:59.113Z] Web / API server started at localhost:4000
 {"metadata":{"emulator":{"name":"ui"},"message":"Web / API server started at localhost:4000\n"}}
[info] i  functions: Watching "/Users/hyuk/coding/toy-project/project-amazon/functions" for Cloud Functions... {"metadata":{"emulator":{"name":"functions"},"message":"Watching \"/Users/hyuk/coding/toy-project/project-amazon/functions\" for Cloud Functions..."}}
[debug] [2022-10-04T14:53:59.303Z] Validating nodejs source
[debug] [2022-10-04T14:53:59.940Z] > [functions] package.json contents: {
  "name": "functions",
  "description": "Cloud Functions for Firebase",
  "scripts": {
    "lint": "eslint .",
    "serve": "firebase emulators:start --only functions",
    "shell": "firebase functions:shell",
    "start": "npm run shell",
    "deploy": "firebase deploy --only functions",
    "logs": "firebase functions:log"
  },
  "engines": {
    "node": "16"
  },
  "main": "index.js",
  "dependencies": {
    "cors": "^2.8.5",
    "express": "^4.18.1",
    "firebase-admin": "^10.0.2",
    "firebase-functions": "^3.18.0",
    "stripe": "^10.12.0"
  },
  "devDependencies": {
    "eslint": "^8.9.0",
    "eslint-config-google": "^0.14.0",
    "firebase-functions-test": "^0.2.0"
  },
  "private": true
}
[debug] [2022-10-04T14:53:59.941Z] Building nodejs source
[debug] [2022-10-04T14:53:59.941Z] Analyzing nodejs backend spec
[debug] [2022-10-04T14:53:59.942Z] Could not find functions.yaml. Must use http discovery
[debug] [2022-10-04T14:54:00.038Z] Serving at port 9005

[debug] [2022-10-04T14:54:00.080Z] Got response from /__/functions.yaml {"endpoints":{"api":{"platform":"gcfv1","httpsTrigger":{},"entryPoint":"api"}},"specVersion":"v1alpha1","requiredAPIs":[]}
[debug] [2022-10-04T14:54:00.086Z] shutdown requested via /__/quitquitquit

[info] ✔  functions: Loaded functions definitions from source: api. {"metadata":{"emulator":{"name":"functions"},"message":"Loaded functions definitions from source: api."}}
[info] ✔  functions[us-central1-api]: http function initialized (http://localhost:5001/project-b9e3c/us-central1/api). {"metadata":{"emulator":{"name":"functions"},"message":"\u001b[1mhttp\u001b[22m function initialized (http://localhost:5001/project-b9e3c/us-central1/api)."}}
[info] 
┌─────────────────────────────────────────────────────────────┐
│ ✔  All emulators ready! It is now safe to connect your app. │
│ i  View Emulator UI at http://localhost:4000                │
└─────────────────────────────────────────────────────────────┘

┌───────────┬────────────────┬─────────────────────────────────┐
│ Emulator  │ Host:Port      │ View in Emulator UI             │
├───────────┼────────────────┼─────────────────────────────────┤
│ Functions │ localhost:5001 │ http://localhost:4000/functions │
└───────────┴────────────────┴─────────────────────────────────┘
  Emulator Hub running at localhost:4400
  Other reserved ports: 4500

Issues? Report them at https://github.com/firebase/firebase-tools/issues and attach the *-debug.log files.
 
[debug] [2022-10-04T14:55:04.402Z] [work-queue] {"queueLength":1,"workRunningCount":0}
[debug] [2022-10-04T14:55:04.404Z] [work-queue] {"queueLength":0,"workRunningCount":1}
[debug] [2022-10-04T14:55:04.406Z] Accepted request POST /project-b9e3c/us-central1/api/payments/create?total=0 --> us-central1-api
[debug] [2022-10-04T14:55:04.414Z] [functions] Runtime ready! Sending request! {"metadata":{"emulator":{"name":"functions"},"message":"[functions] Runtime ready! Sending request!"}}
[debug] [2022-10-04T14:55:04.415Z] [functions] Got req.url=/project-b9e3c/us-central1/api/payments/create?total=0, mapping to path=/payments/create?total=0 {"metadata":{"emulator":{"name":"functions"},"message":"[functions] Got req.url=/project-b9e3c/us-central1/api/payments/create?total=0, mapping to path=/payments/create?total=0"}}
[debug] [2022-10-04T14:55:04.433Z] [worker-pool] addWorker(us-central1-api) {"metadata":{"emulator":{"name":"functions"},"message":"[worker-pool] addWorker(us-central1-api)"}}
[debug] [2022-10-04T14:55:04.434Z] [worker-pool] Adding worker with key us-central1-api, total=1 {"metadata":{"emulator":{"name":"functions"},"message":"[worker-pool] Adding worker with key us-central1-api, total=1"}}
[debug] [2022-10-04T14:55:04.436Z] [work-queue] {"queueLength":1,"workRunningCount":1}
[debug] [2022-10-04T14:55:04.437Z] [work-queue] {"queueLength":0,"workRunningCount":2}
[debug] [2022-10-04T14:55:04.437Z] Accepted request POST /project-b9e3c/us-central1/api/payments/create?total=0 --> us-central1-api
[debug] [2022-10-04T14:55:04.440Z] [functions] Runtime ready! Sending request! {"metadata":{"emulator":{"name":"functions"},"message":"[functions] Runtime ready! Sending request!"}}
[debug] [2022-10-04T14:55:04.440Z] [functions] Got req.url=/project-b9e3c/us-central1/api/payments/create?total=0, mapping to path=/payments/create?total=0 {"metadata":{"emulator":{"name":"functions"},"message":"[functions] Got req.url=/project-b9e3c/us-central1/api/payments/create?total=0, mapping to path=/payments/create?total=0"}}
[debug] [2022-10-04T14:55:04.441Z] [worker-pool] submitRequest(triggerId=us-central1-api) {"metadata":{"emulator":{"name":"functions"},"message":"[worker-pool] submitRequest(triggerId=us-central1-api)"}}
[debug] [2022-10-04T14:55:04.442Z] [worker-us-central1-api-19895d58-a388-4c22-855c-87f0b39f76b7]: BUSY {"metadata":{"emulator":{"name":"functions"},"message":"[worker-us-central1-api-19895d58-a388-4c22-855c-87f0b39f76b7]: BUSY"}}
[debug] [2022-10-04T14:55:04.444Z] [work-queue] {"queueLength":0,"workRunningCount":1}
[debug] [2022-10-04T14:55:04.445Z] [worker-us-central1-api-19895d58-a388-4c22-855c-87f0b39f76b7]: exited {"metadata":{"emulator":{"name":"functions"},"message":"[worker-us-central1-api-19895d58-a388-4c22-855c-87f0b39f76b7]: exited"}}
[debug] [2022-10-04T14:55:04.445Z] [worker-us-central1-api-19895d58-a388-4c22-855c-87f0b39f76b7]: FINISHED {"metadata":{"emulator":{"name":"functions"},"message":"[worker-us-central1-api-19895d58-a388-4c22-855c-87f0b39f76b7]: FINISHED"}}
[debug] FirebaseError: Failed to load function.
    at Timeout._onTimeout (/Users/hyuk/.nvm/versions/node/v16.14.0/lib/node_modules/firebase-tools/lib/emulator/functionsRuntimeWorker.js:152:24)
    at listOnTimeout (node:internal/timers:559:17)
    at processTimers (node:internal/timers:502:7) {"metadata":{"emulator":{"name":"functions"},"message":{"name":"FirebaseError","children":[],"exit":1,"message":"Failed to load function.","status":500}}}
[debug] [2022-10-04T14:55:34.521Z] [work-queue] {"queueLength":0,"workRunningCount":0}
[debug] [2022-10-04T14:55:42.711Z] [work-queue] {"queueLength":1,"workRunningCount":0}
[debug] [2022-10-04T14:55:42.712Z] [work-queue] {"queueLength":0,"workRunningCount":1}
[debug] [2022-10-04T14:55:42.712Z] Accepted request POST /project-b9e3c/us-central1/api/payments/create?total=80000 --> us-central1-api
[debug] [2022-10-04T14:55:42.713Z] [functions] Runtime ready! Sending request! {"metadata":{"emulator":{"name":"functions"},"message":"[functions] Runtime ready! Sending request!"}}
[debug] [2022-10-04T14:55:42.714Z] [functions] Got req.url=/project-b9e3c/us-central1/api/payments/create?total=80000, mapping to path=/payments/create?total=80000 {"metadata":{"emulator":{"name":"functions"},"message":"[functions] Got req.url=/project-b9e3c/us-central1/api/payments/create?total=80000, mapping to path=/payments/create?total=80000"}}
[debug] [2022-10-04T14:55:42.714Z] [worker-pool] Cleaned up workers for us-central1-api: 1 --> 0 {"metadata":{"emulator":{"name":"functions"},"message":"[worker-pool] Cleaned up workers for us-central1-api: 1 --> 0"}}
[debug] [2022-10-04T14:55:42.738Z] [worker-pool] addWorker(us-central1-api) {"metadata":{"emulator":{"name":"functions"},"message":"[worker-pool] addWorker(us-central1-api)"}}
[debug] [2022-10-04T14:55:42.738Z] [worker-pool] Adding worker with key us-central1-api, total=1 {"metadata":{"emulator":{"name":"functions"},"message":"[worker-pool] Adding worker with key us-central1-api, total=1"}}
[debug] [2022-10-04T14:55:42.743Z] [work-queue] {"queueLength":1,"workRunningCount":1}
[debug] [2022-10-04T14:55:42.744Z] [work-queue] {"queueLength":0,"workRunningCount":2}
[debug] [2022-10-04T14:55:42.744Z] Accepted request POST /project-b9e3c/us-central1/api/payments/create?total=80000 --> us-central1-api
[debug] [2022-10-04T14:55:42.745Z] [functions] Runtime ready! Sending request! {"metadata":{"emulator":{"name":"functions"},"message":"[functions] Runtime ready! Sending request!"}}
[debug] [2022-10-04T14:55:42.746Z] [functions] Got req.url=/project-b9e3c/us-central1/api/payments/create?total=80000, mapping to path=/payments/create?total=80000 {"metadata":{"emulator":{"name":"functions"},"message":"[functions] Got req.url=/project-b9e3c/us-central1/api/payments/create?total=80000, mapping to path=/payments/create?total=80000"}}
[debug] [2022-10-04T14:55:42.746Z] [worker-pool] submitRequest(triggerId=us-central1-api) {"metadata":{"emulator":{"name":"functions"},"message":"[worker-pool] submitRequest(triggerId=us-central1-api)"}}
[debug] [2022-10-04T14:55:42.746Z] [worker-us-central1-api-29aa25e1-4c71-4791-baac-4cd47f2f08cb]: BUSY {"metadata":{"emulator":{"name":"functions"},"message":"[worker-us-central1-api-29aa25e1-4c71-4791-baac-4cd47f2f08cb]: BUSY"}}
[debug] [2022-10-04T14:55:42.747Z] [work-queue] {"queueLength":0,"workRunningCount":1}
[debug] [2022-10-04T14:55:42.749Z] [worker-us-central1-api-29aa25e1-4c71-4791-baac-4cd47f2f08cb]: exited {"metadata":{"emulator":{"name":"functions"},"message":"[worker-us-central1-api-29aa25e1-4c71-4791-baac-4cd47f2f08cb]: exited"}}
[debug] [2022-10-04T14:55:42.749Z] [worker-us-central1-api-29aa25e1-4c71-4791-baac-4cd47f2f08cb]: FINISHED {"metadata":{"emulator":{"name":"functions"},"message":"[worker-us-central1-api-29aa25e1-4c71-4791-baac-4cd47f2f08cb]: FINISHED"}}
[debug] [2022-10-04T14:56:07.060Z] [work-queue] {"queueLength":1,"workRunningCount":1}
[debug] [2022-10-04T14:56:07.061Z] [work-queue] {"queueLength":0,"workRunningCount":2}
[debug] [2022-10-04T14:56:07.061Z] Accepted request GET /project-b9e3c/us-central1/api --> us-central1-api
[debug] [2022-10-04T14:56:07.063Z] [functions] Runtime ready! Sending request! {"metadata":{"emulator":{"name":"functions"},"message":"[functions] Runtime ready! Sending request!"}}
[debug] [2022-10-04T14:56:07.063Z] [functions] Got req.url=/project-b9e3c/us-central1/api, mapping to path=/ {"metadata":{"emulator":{"name":"functions"},"message":"[functions] Got req.url=/project-b9e3c/us-central1/api, mapping to path=/"}}
[debug] [2022-10-04T14:56:07.064Z] [worker-pool] Cleaned up workers for us-central1-api: 1 --> 0 {"metadata":{"emulator":{"name":"functions"},"message":"[worker-pool] Cleaned up workers for us-central1-api: 1 --> 0"}}
[debug] [2022-10-04T14:56:07.074Z] [worker-pool] addWorker(us-central1-api) {"metadata":{"emulator":{"name":"functions"},"message":"[worker-pool] addWorker(us-central1-api)"}}
[debug] [2022-10-04T14:56:07.075Z] [worker-pool] Adding worker with key us-central1-api, total=1 {"metadata":{"emulator":{"name":"functions"},"message":"[worker-pool] Adding worker with key us-central1-api, total=1"}}
[debug] [2022-10-04T14:56:07.711Z] [runtime-status] [60016] Resolved module firebase-admin {"declared":true,"installed":true,"version":"10.3.0","resolution":"/Users/hyuk/coding/toy-project/project-amazon/functions/node_modules/firebase-admin/lib/index.js"} {"metadata":{"emulator":{"name":"functions"},"function":{"name":"us-central1-api"},"extension":{},"message":"[runtime-status] [60016] Resolved module firebase-admin {\"declared\":true,\"installed\":true,\"version\":\"10.3.0\",\"resolution\":\"/Users/hyuk/coding/toy-project/project-amazon/functions/node_modules/firebase-admin/lib/index.js\"}"}}
[debug] [2022-10-04T14:56:07.711Z] [runtime-status] [60016] Resolved module firebase-functions {"declared":true,"installed":true,"version":"3.24.1","resolution":"/Users/hyuk/coding/toy-project/project-amazon/functions/node_modules/firebase-functions/lib/index.js"} {"metadata":{"emulator":{"name":"functions"},"function":{"name":"us-central1-api"},"extension":{},"message":"[runtime-status] [60016] Resolved module firebase-functions {\"declared\":true,\"installed\":true,\"version\":\"3.24.1\",\"resolution\":\"/Users/hyuk/coding/toy-project/project-amazon/functions/node_modules/firebase-functions/lib/index.js\"}"}}
[debug] [2022-10-04T14:56:07.711Z] [runtime-status] [60016] Outgoing network have been stubbed. [{"name":"http","status":"mocked"},{"name":"http","status":"mocked"},{"name":"https","status":"mocked"},{"name":"https","status":"mocked"},{"name":"net","status":"mocked"}] {"metadata":{"emulator":{"name":"functions"},"function":{"name":"us-central1-api"},"extension":{},"message":"[runtime-status] [60016] Outgoing network have been stubbed. [{\"name\":\"http\",\"status\":\"mocked\"},{\"name\":\"http\",\"status\":\"mocked\"},{\"name\":\"https\",\"status\":\"mocked\"},{\"name\":\"https\",\"status\":\"mocked\"},{\"name\":\"net\",\"status\":\"mocked\"}]"}}
[debug] [2022-10-04T14:56:07.712Z] [runtime-status] [60016] Resolved module firebase-functions {"declared":true,"installed":true,"version":"3.24.1","resolution":"/Users/hyuk/coding/toy-project/project-amazon/functions/node_modules/firebase-functions/lib/index.js"} {"metadata":{"emulator":{"name":"functions"},"function":{"name":"us-central1-api"},"extension":{},"message":"[runtime-status] [60016] Resolved module firebase-functions {\"declared\":true,\"installed\":true,\"version\":\"3.24.1\",\"resolution\":\"/Users/hyuk/coding/toy-project/project-amazon/functions/node_modules/firebase-functions/lib/index.js\"}"}}
[debug] [2022-10-04T14:56:07.743Z] [runtime-status] [60016] Checked functions.config() {"config":{}} {"metadata":{"emulator":{"name":"functions"},"function":{"name":"us-central1-api"},"extension":{},"message":"[runtime-status] [60016] Checked functions.config() {\"config\":{}}"}}
[debug] [2022-10-04T14:56:07.743Z] [runtime-status] [60016] firebase-functions has been stubbed. {"functionsResolution":{"declared":true,"installed":true,"version":"3.24.1","resolution":"/Users/hyuk/coding/toy-project/project-amazon/functions/node_modules/firebase-functions/lib/index.js"}} {"metadata":{"emulator":{"name":"functions"},"function":{"name":"us-central1-api"},"extension":{},"message":"[runtime-status] [60016] firebase-functions has been stubbed. {\"functionsResolution\":{\"declared\":true,\"installed\":true,\"version\":\"3.24.1\",\"resolution\":\"/Users/hyuk/coding/toy-project/project-amazon/functions/node_modules/firebase-functions/lib/index.js\"}}"}}
[debug] [2022-10-04T14:56:07.743Z] [runtime-status] [60016] Resolved module firebase-functions {"declared":true,"installed":true,"version":"3.24.1","resolution":"/Users/hyuk/coding/toy-project/project-amazon/functions/node_modules/firebase-functions/lib/index.js"} {"metadata":{"emulator":{"name":"functions"},"function":{"name":"us-central1-api"},"extension":{},"message":"[runtime-status] [60016] Resolved module firebase-functions {\"declared\":true,\"installed\":true,\"version\":\"3.24.1\",\"resolution\":\"/Users/hyuk/coding/toy-project/project-amazon/functions/node_modules/firebase-functions/lib/index.js\"}"}}
[debug] [2022-10-04T14:56:07.744Z] [runtime-status] [60016] Resolved module firebase-admin {"declared":true,"installed":true,"version":"10.3.0","resolution":"/Users/hyuk/coding/toy-project/project-amazon/functions/node_modules/firebase-admin/lib/index.js"} {"metadata":{"emulator":{"name":"functions"},"function":{"name":"us-central1-api"},"extension":{},"message":"[runtime-status] [60016] Resolved module firebase-admin {\"declared\":true,\"installed\":true,\"version\":\"10.3.0\",\"resolution\":\"/Users/hyuk/coding/toy-project/project-amazon/functions/node_modules/firebase-admin/lib/index.js\"}"}}
[debug] [2022-10-04T14:56:07.744Z] [runtime-status] [60016] Resolved module firebase-functions {"declared":true,"installed":true,"version":"3.24.1","resolution":"/Users/hyuk/coding/toy-project/project-amazon/functions/node_modules/firebase-functions/lib/index.js"} {"metadata":{"emulator":{"name":"functions"},"function":{"name":"us-central1-api"},"extension":{},"message":"[runtime-status] [60016] Resolved module firebase-functions {\"declared\":true,\"installed\":true,\"version\":\"3.24.1\",\"resolution\":\"/Users/hyuk/coding/toy-project/project-amazon/functions/node_modules/firebase-functions/lib/index.js\"}"}}
[debug] [2022-10-04T14:56:07.744Z] [runtime-status] [60016] firebase-admin has been stubbed. {"adminResolution":{"declared":true,"installed":true,"version":"10.3.0","resolution":"/Users/hyuk/coding/toy-project/project-amazon/functions/node_modules/firebase-admin/lib/index.js"}} {"metadata":{"emulator":{"name":"functions"},"function":{"name":"us-central1-api"},"extension":{},"message":"[runtime-status] [60016] firebase-admin has been stubbed. {\"adminResolution\":{\"declared\":true,\"installed\":true,\"version\":\"10.3.0\",\"resolution\":\"/Users/hyuk/coding/toy-project/project-amazon/functions/node_modules/firebase-admin/lib/index.js\"}}"}}
[debug] [2022-10-04T14:56:07.807Z] [runtime-status] [60016] Functions runtime initialized. {"cwd":"/Users/hyuk/coding/toy-project/project-amazon/functions","node_version":"16.14.0"} {"metadata":{"emulator":{"name":"functions"},"function":{"name":"us-central1-api"},"extension":{},"message":"[runtime-status] [60016] Functions runtime initialized. {\"cwd\":\"/Users/hyuk/coding/toy-project/project-amazon/functions\",\"node_version\":\"16.14.0\"}"}}
[debug] [2022-10-04T14:56:07.807Z] [runtime-status] [60016] Listening to port: /var/folders/dx/h_kxw5d95psfj7kd3sd1c_hr0000gn/T/fire_emu_2010f12a38b9c34b.sock {"metadata":{"emulator":{"name":"functions"},"function":{"name":"us-central1-api"},"extension":{},"message":"[runtime-status] [60016] Listening to port: /var/folders/dx/h_kxw5d95psfj7kd3sd1c_hr0000gn/T/fire_emu_2010f12a38b9c34b.sock"}}
[debug] [2022-10-04T14:56:07.893Z] [worker-pool] submitRequest(triggerId=us-central1-api) {"metadata":{"emulator":{"name":"functions"},"message":"[worker-pool] submitRequest(triggerId=us-central1-api)"}}
[debug] [2022-10-04T14:56:07.893Z] [worker-us-central1-api-fa21659d-fc50-40d2-a761-4865ab437e2a]: BUSY {"metadata":{"emulator":{"name":"functions"},"message":"[worker-us-central1-api-fa21659d-fc50-40d2-a761-4865ab437e2a]: BUSY"}}
[info] i  functions: Beginning execution of "api" {"metadata":{"emulator":{"name":"functions"},"function":{"name":"us-central1-api"},"extension":{},"message":"Beginning execution of \"api\""}}
[debug] [2022-10-04T14:56:07.897Z] [worker-us-central1-api-fa21659d-fc50-40d2-a761-4865ab437e2a]: IDLE {"metadata":{"emulator":{"name":"functions"},"message":"[worker-us-central1-api-fa21659d-fc50-40d2-a761-4865ab437e2a]: IDLE"}}
[debug] [2022-10-04T14:56:07.897Z] [work-queue] {"queueLength":0,"workRunningCount":1}
[info] i  functions: Finished "api" in 1.907708ms {"metadata":{"emulator":{"name":"functions"},"function":{"name":"us-central1-api"},"extension":{},"message":"Finished \"api\" in 1.907708ms"}}
[debug] [2022-10-04T14:56:12.428Z] [work-queue] {"queueLength":1,"workRunningCount":1}
[debug] [2022-10-04T14:56:12.428Z] [work-queue] {"queueLength":0,"workRunningCount":2}
[debug] [2022-10-04T14:56:12.428Z] Accepted request GET /project-b9e3c/us-central1/api --> us-central1-api
[debug] [2022-10-04T14:56:12.429Z] [functions] Runtime ready! Sending request! {"metadata":{"emulator":{"name":"functions"},"message":"[functions] Runtime ready! Sending request!"}}
[debug] [2022-10-04T14:56:12.429Z] [functions] Got req.url=/project-b9e3c/us-central1/api, mapping to path=/ {"metadata":{"emulator":{"name":"functions"},"message":"[functions] Got req.url=/project-b9e3c/us-central1/api, mapping to path=/"}}
[debug] [2022-10-04T14:56:12.429Z] [worker-pool] submitRequest(triggerId=us-central1-api) {"metadata":{"emulator":{"name":"functions"},"message":"[worker-pool] submitRequest(triggerId=us-central1-api)"}}
[debug] [2022-10-04T14:56:12.429Z] [worker-us-central1-api-fa21659d-fc50-40d2-a761-4865ab437e2a]: BUSY {"metadata":{"emulator":{"name":"functions"},"message":"[worker-us-central1-api-fa21659d-fc50-40d2-a761-4865ab437e2a]: BUSY"}}
[info] i  functions: Beginning execution of "api" {"metadata":{"emulator":{"name":"functions"},"function":{"name":"us-central1-api"},"extension":{},"message":"Beginning execution of \"api\""}}
[debug] [2022-10-04T14:56:12.434Z] [worker-us-central1-api-fa21659d-fc50-40d2-a761-4865ab437e2a]: IDLE {"metadata":{"emulator":{"name":"functions"},"message":"[worker-us-central1-api-fa21659d-fc50-40d2-a761-4865ab437e2a]: IDLE"}}
[debug] [2022-10-04T14:56:12.434Z] [work-queue] {"queueLength":0,"workRunningCount":1}
[info] i  functions: Finished "api" in 1.50625ms {"metadata":{"emulator":{"name":"functions"},"function":{"name":"us-central1-api"},"extension":{},"message":"Finished \"api\" in 1.50625ms"}}
[debug] FirebaseError: Failed to load function.
    at Timeout._onTimeout (/Users/hyuk/.nvm/versions/node/v16.14.0/lib/node_modules/firebase-tools/lib/emulator/functionsRuntimeWorker.js:152:24)
    at listOnTimeout (node:internal/timers:559:17)
    at processTimers (node:internal/timers:502:7) {"metadata":{"emulator":{"name":"functions"},"message":{"name":"FirebaseError","children":[],"exit":1,"message":"Failed to load function.","status":500}}}
[debug] [2022-10-04T14:56:12.747Z] [work-queue] {"queueLength":0,"workRunningCount":0}
[debug] [2022-10-04T14:56:19.765Z] [work-queue] {"queueLength":1,"workRunningCount":0}
[debug] [2022-10-04T14:56:19.766Z] [work-queue] {"queueLength":0,"workRunningCount":1}
[debug] [2022-10-04T14:56:19.766Z] Accepted request POST /project-b9e3c/us-central1/api/payments/create?total=80000 --> us-central1-api
[debug] [2022-10-04T14:56:19.767Z] [functions] Runtime ready! Sending request! {"metadata":{"emulator":{"name":"functions"},"message":"[functions] Runtime ready! Sending request!"}}
[debug] [2022-10-04T14:56:19.768Z] [functions] Got req.url=/project-b9e3c/us-central1/api/payments/create?total=80000, mapping to path=/payments/create?total=80000 {"metadata":{"emulator":{"name":"functions"},"message":"[functions] Got req.url=/project-b9e3c/us-central1/api/payments/create?total=80000, mapping to path=/payments/create?total=80000"}}
[debug] [2022-10-04T14:56:19.768Z] [worker-pool] submitRequest(triggerId=us-central1-api) {"metadata":{"emulator":{"name":"functions"},"message":"[worker-pool] submitRequest(triggerId=us-central1-api)"}}
[debug] [2022-10-04T14:56:19.769Z] [worker-us-central1-api-fa21659d-fc50-40d2-a761-4865ab437e2a]: BUSY {"metadata":{"emulator":{"name":"functions"},"message":"[worker-us-central1-api-fa21659d-fc50-40d2-a761-4865ab437e2a]: BUSY"}}
[debug] [2022-10-04T14:56:19.776Z] [work-queue] {"queueLength":1,"workRunningCount":1}
[debug] [2022-10-04T14:56:19.776Z] [work-queue] {"queueLength":0,"workRunningCount":2}
[debug] [2022-10-04T14:56:19.776Z] Accepted request POST /project-b9e3c/us-central1/api/payments/create?total=80000 --> us-central1-api
[debug] [2022-10-04T14:56:19.776Z] [functions] Runtime ready! Sending request! {"metadata":{"emulator":{"name":"functions"},"message":"[functions] Runtime ready! Sending request!"}}
[debug] [2022-10-04T14:56:19.777Z] [functions] Got req.url=/project-b9e3c/us-central1/api/payments/create?total=80000, mapping to path=/payments/create?total=80000 {"metadata":{"emulator":{"name":"functions"},"message":"[functions] Got req.url=/project-b9e3c/us-central1/api/payments/create?total=80000, mapping to path=/payments/create?total=80000"}}
[debug] [2022-10-04T14:56:19.791Z] [worker-pool] addWorker(us-central1-api) {"metadata":{"emulator":{"name":"functions"},"message":"[worker-pool] addWorker(us-central1-api)"}}
[debug] [2022-10-04T14:56:19.792Z] [worker-pool] Adding worker with key us-central1-api, total=2 {"metadata":{"emulator":{"name":"functions"},"message":"[worker-pool] Adding worker with key us-central1-api, total=2"}}
[info] i  functions: Beginning execution of "api" {"metadata":{"emulator":{"name":"functions"},"function":{"name":"us-central1-api"},"extension":{},"message":"Beginning execution of \"api\""}}
[info] >   payment.js에서 가져온 total의 양은 다음과 같다!!   80000 {"user":" payment.js에서 가져온 total의 양은 다음과 같다!!   80000","metadata":{"emulator":{"name":"functions"},"function":{"name":"us-central1-api"},"extension":{},"message":"\u001b[90m> \u001b[39m  payment.js에서 가져온 total의 양은 다음과 같다!!   80000"}}
[debug] [2022-10-04T14:56:20.412Z] [worker-us-central1-api-fa21659d-fc50-40d2-a761-4865ab437e2a]: IDLE {"metadata":{"emulator":{"name":"functions"},"message":"[worker-us-central1-api-fa21659d-fc50-40d2-a761-4865ab437e2a]: IDLE"}}
[debug] [2022-10-04T14:56:20.412Z] [work-queue] {"queueLength":0,"workRunningCount":1}
[info] i  functions: Finished "api" in 633.964791ms {"metadata":{"emulator":{"name":"functions"},"function":{"name":"us-central1-api"},"extension":{},"message":"Finished \"api\" in 633.964791ms"}}
[debug] [2022-10-04T14:56:20.528Z] [runtime-status] [60023] Resolved module firebase-admin {"declared":true,"installed":true,"version":"10.3.0","resolution":"/Users/hyuk/coding/toy-project/project-amazon/functions/node_modules/firebase-admin/lib/index.js"} {"metadata":{"emulator":{"name":"functions"},"function":{"name":"us-central1-api"},"extension":{},"message":"[runtime-status] [60023] Resolved module firebase-admin {\"declared\":true,\"installed\":true,\"version\":\"10.3.0\",\"resolution\":\"/Users/hyuk/coding/toy-project/project-amazon/functions/node_modules/firebase-admin/lib/index.js\"}"}}
[debug] [2022-10-04T14:56:20.528Z] [runtime-status] [60023] Resolved module firebase-functions {"declared":true,"installed":true,"version":"3.24.1","resolution":"/Users/hyuk/coding/toy-project/project-amazon/functions/node_modules/firebase-functions/lib/index.js"} {"metadata":{"emulator":{"name":"functions"},"function":{"name":"us-central1-api"},"extension":{},"message":"[runtime-status] [60023] Resolved module firebase-functions {\"declared\":true,\"installed\":true,\"version\":\"3.24.1\",\"resolution\":\"/Users/hyuk/coding/toy-project/project-amazon/functions/node_modules/firebase-functions/lib/index.js\"}"}}
[debug] [2022-10-04T14:56:20.529Z] [runtime-status] [60023] Outgoing network have been stubbed. [{"name":"http","status":"mocked"},{"name":"http","status":"mocked"},{"name":"https","status":"mocked"},{"name":"https","status":"mocked"},{"name":"net","status":"mocked"}] {"metadata":{"emulator":{"name":"functions"},"function":{"name":"us-central1-api"},"extension":{},"message":"[runtime-status] [60023] Outgoing network have been stubbed. [{\"name\":\"http\",\"status\":\"mocked\"},{\"name\":\"http\",\"status\":\"mocked\"},{\"name\":\"https\",\"status\":\"mocked\"},{\"name\":\"https\",\"status\":\"mocked\"},{\"name\":\"net\",\"status\":\"mocked\"}]"}}
[debug] [2022-10-04T14:56:20.529Z] [runtime-status] [60023] Resolved module firebase-functions {"declared":true,"installed":true,"version":"3.24.1","resolution":"/Users/hyuk/coding/toy-project/project-amazon/functions/node_modules/firebase-functions/lib/index.js"} {"metadata":{"emulator":{"name":"functions"},"function":{"name":"us-central1-api"},"extension":{},"message":"[runtime-status] [60023] Resolved module firebase-functions {\"declared\":true,\"installed\":true,\"version\":\"3.24.1\",\"resolution\":\"/Users/hyuk/coding/toy-project/project-amazon/functions/node_modules/firebase-functions/lib/index.js\"}"}}
[debug] [2022-10-04T14:56:20.553Z] [runtime-status] [60023] Checked functions.config() {"config":{}} {"metadata":{"emulator":{"name":"functions"},"function":{"name":"us-central1-api"},"extension":{},"message":"[runtime-status] [60023] Checked functions.config() {\"config\":{}}"}}
[debug] [2022-10-04T14:56:20.554Z] [runtime-status] [60023] firebase-functions has been stubbed. {"functionsResolution":{"declared":true,"installed":true,"version":"3.24.1","resolution":"/Users/hyuk/coding/toy-project/project-amazon/functions/node_modules/firebase-functions/lib/index.js"}} {"metadata":{"emulator":{"name":"functions"},"function":{"name":"us-central1-api"},"extension":{},"message":"[runtime-status] [60023] firebase-functions has been stubbed. {\"functionsResolution\":{\"declared\":true,\"installed\":true,\"version\":\"3.24.1\",\"resolution\":\"/Users/hyuk/coding/toy-project/project-amazon/functions/node_modules/firebase-functions/lib/index.js\"}}"}}
[debug] [2022-10-04T14:56:20.554Z] [runtime-status] [60023] Resolved module firebase-functions {"declared":true,"installed":true,"version":"3.24.1","resolution":"/Users/hyuk/coding/toy-project/project-amazon/functions/node_modules/firebase-functions/lib/index.js"} {"metadata":{"emulator":{"name":"functions"},"function":{"name":"us-central1-api"},"extension":{},"message":"[runtime-status] [60023] Resolved module firebase-functions {\"declared\":true,\"installed\":true,\"version\":\"3.24.1\",\"resolution\":\"/Users/hyuk/coding/toy-project/project-amazon/functions/node_modules/firebase-functions/lib/index.js\"}"}}
[debug] [2022-10-04T14:56:20.554Z] [runtime-status] [60023] Resolved module firebase-admin {"declared":true,"installed":true,"version":"10.3.0","resolution":"/Users/hyuk/coding/toy-project/project-amazon/functions/node_modules/firebase-admin/lib/index.js"} {"metadata":{"emulator":{"name":"functions"},"function":{"name":"us-central1-api"},"extension":{},"message":"[runtime-status] [60023] Resolved module firebase-admin {\"declared\":true,\"installed\":true,\"version\":\"10.3.0\",\"resolution\":\"/Users/hyuk/coding/toy-project/project-amazon/functions/node_modules/firebase-admin/lib/index.js\"}"}}
[debug] [2022-10-04T14:56:20.554Z] [runtime-status] [60023] Resolved module firebase-functions {"declared":true,"installed":true,"version":"3.24.1","resolution":"/Users/hyuk/coding/toy-project/project-amazon/functions/node_modules/firebase-functions/lib/index.js"} {"metadata":{"emulator":{"name":"functions"},"function":{"name":"us-central1-api"},"extension":{},"message":"[runtime-status] [60023] Resolved module firebase-functions {\"declared\":true,\"installed\":true,\"version\":\"3.24.1\",\"resolution\":\"/Users/hyuk/coding/toy-project/project-amazon/functions/node_modules/firebase-functions/lib/index.js\"}"}}
[debug] [2022-10-04T14:56:20.554Z] [runtime-status] [60023] firebase-admin has been stubbed. {"adminResolution":{"declared":true,"installed":true,"version":"10.3.0","resolution":"/Users/hyuk/coding/toy-project/project-amazon/functions/node_modules/firebase-admin/lib/index.js"}} {"metadata":{"emulator":{"name":"functions"},"function":{"name":"us-central1-api"},"extension":{},"message":"[runtime-status] [60023] firebase-admin has been stubbed. {\"adminResolution\":{\"declared\":true,\"installed\":true,\"version\":\"10.3.0\",\"resolution\":\"/Users/hyuk/coding/toy-project/project-amazon/functions/node_modules/firebase-admin/lib/index.js\"}}"}}
[debug] [2022-10-04T14:56:20.609Z] [runtime-status] [60023] Functions runtime initialized. {"cwd":"/Users/hyuk/coding/toy-project/project-amazon/functions","node_version":"16.14.0"} {"metadata":{"emulator":{"name":"functions"},"function":{"name":"us-central1-api"},"extension":{},"message":"[runtime-status] [60023] Functions runtime initialized. {\"cwd\":\"/Users/hyuk/coding/toy-project/project-amazon/functions\",\"node_version\":\"16.14.0\"}"}}
[debug] [2022-10-04T14:56:20.609Z] [runtime-status] [60023] Listening to port: /var/folders/dx/h_kxw5d95psfj7kd3sd1c_hr0000gn/T/fire_emu_37ddeac84597b2df.sock {"metadata":{"emulator":{"name":"functions"},"function":{"name":"us-central1-api"},"extension":{},"message":"[runtime-status] [60023] Listening to port: /var/folders/dx/h_kxw5d95psfj7kd3sd1c_hr0000gn/T/fire_emu_37ddeac84597b2df.sock"}}
[debug] [2022-10-04T14:56:20.712Z] [worker-pool] submitRequest(triggerId=us-central1-api) {"metadata":{"emulator":{"name":"functions"},"message":"[worker-pool] submitRequest(triggerId=us-central1-api)"}}
[debug] [2022-10-04T14:56:20.712Z] [worker-us-central1-api-fa21659d-fc50-40d2-a761-4865ab437e2a]: BUSY {"metadata":{"emulator":{"name":"functions"},"message":"[worker-us-central1-api-fa21659d-fc50-40d2-a761-4865ab437e2a]: BUSY"}}
[info] i  functions: Beginning execution of "api" {"metadata":{"emulator":{"name":"functions"},"function":{"name":"us-central1-api"},"extension":{},"message":"Beginning execution of \"api\""}}
[info] >   payment.js에서 가져온 total의 양은 다음과 같다!!   80000 {"user":" payment.js에서 가져온 total의 양은 다음과 같다!!   80000","metadata":{"emulator":{"name":"functions"},"function":{"name":"us-central1-api"},"extension":{},"message":"\u001b[90m> \u001b[39m  payment.js에서 가져온 total의 양은 다음과 같다!!   80000"}}
[debug] [2022-10-04T14:56:21.051Z] [worker-us-central1-api-fa21659d-fc50-40d2-a761-4865ab437e2a]: IDLE {"metadata":{"emulator":{"name":"functions"},"message":"[worker-us-central1-api-fa21659d-fc50-40d2-a761-4865ab437e2a]: IDLE"}}
[debug] [2022-10-04T14:56:21.052Z] [work-queue] {"queueLength":0,"workRunningCount":0}
[info] i  functions: Finished "api" in 335.79225ms {"metadata":{"emulator":{"name":"functions"},"function":{"name":"us-central1-api"},"extension":{},"message":"Finished \"api\" in 335.79225ms"}}
[debug] [2022-10-04T14:57:29.762Z] [work-queue] {"queueLength":1,"workRunningCount":0}
[debug] [2022-10-04T14:57:29.766Z] [work-queue] {"queueLength":0,"workRunningCount":1}
[debug] [2022-10-04T14:57:29.766Z] Accepted request POST /project-b9e3c/us-central1/api/payments/create?total=80000 --> us-central1-api
[debug] [2022-10-04T14:57:29.768Z] [functions] Runtime ready! Sending request! {"metadata":{"emulator":{"name":"functions"},"message":"[functions] Runtime ready! Sending request!"}}
[debug] [2022-10-04T14:57:29.769Z] [functions] Got req.url=/project-b9e3c/us-central1/api/payments/create?total=80000, mapping to path=/payments/create?total=80000 {"metadata":{"emulator":{"name":"functions"},"message":"[functions] Got req.url=/project-b9e3c/us-central1/api/payments/create?total=80000, mapping to path=/payments/create?total=80000"}}
[debug] [2022-10-04T14:57:29.770Z] [worker-pool] submitRequest(triggerId=us-central1-api) {"metadata":{"emulator":{"name":"functions"},"message":"[worker-pool] submitRequest(triggerId=us-central1-api)"}}
[debug] [2022-10-04T14:57:29.770Z] [worker-us-central1-api-fa21659d-fc50-40d2-a761-4865ab437e2a]: BUSY {"metadata":{"emulator":{"name":"functions"},"message":"[worker-us-central1-api-fa21659d-fc50-40d2-a761-4865ab437e2a]: BUSY"}}
[debug] [2022-10-04T14:57:29.780Z] [work-queue] {"queueLength":1,"workRunningCount":1}
[debug] [2022-10-04T14:57:29.780Z] [work-queue] {"queueLength":0,"workRunningCount":2}
[debug] [2022-10-04T14:57:29.780Z] Accepted request POST /project-b9e3c/us-central1/api/payments/create?total=80000 --> us-central1-api
[debug] [2022-10-04T14:57:29.782Z] [functions] Runtime ready! Sending request! {"metadata":{"emulator":{"name":"functions"},"message":"[functions] Runtime ready! Sending request!"}}
[debug] [2022-10-04T14:57:29.783Z] [functions] Got req.url=/project-b9e3c/us-central1/api/payments/create?total=80000, mapping to path=/payments/create?total=80000 {"metadata":{"emulator":{"name":"functions"},"message":"[functions] Got req.url=/project-b9e3c/us-central1/api/payments/create?total=80000, mapping to path=/payments/create?total=80000"}}
[debug] [2022-10-04T14:57:29.783Z] [worker-pool] submitRequest(triggerId=us-central1-api) {"metadata":{"emulator":{"name":"functions"},"message":"[worker-pool] submitRequest(triggerId=us-central1-api)"}}
[debug] [2022-10-04T14:57:29.783Z] [worker-us-central1-api-12ecab8a-86d0-484f-bc1f-4c2ed31de3eb]: BUSY {"metadata":{"emulator":{"name":"functions"},"message":"[worker-us-central1-api-12ecab8a-86d0-484f-bc1f-4c2ed31de3eb]: BUSY"}}
[info] i  functions: Beginning execution of "api" {"metadata":{"emulator":{"name":"functions"},"function":{"name":"us-central1-api"},"extension":{},"message":"Beginning execution of \"api\""}}
[info] >   payment.js에서 가져온 total의 양은 다음과 같다!!   80000 {"user":" payment.js에서 가져온 total의 양은 다음과 같다!!   80000","metadata":{"emulator":{"name":"functions"},"function":{"name":"us-central1-api"},"extension":{},"message":"\u001b[90m> \u001b[39m  payment.js에서 가져온 total의 양은 다음과 같다!!   80000"}}
[info] i  functions: Beginning execution of "api" {"metadata":{"emulator":{"name":"functions"},"function":{"name":"us-central1-api"},"extension":{},"message":"Beginning execution of \"api\""}}
[info] >   payment.js에서 가져온 total의 양은 다음과 같다!!   80000 {"user":" payment.js에서 가져온 total의 양은 다음과 같다!!   80000","metadata":{"emulator":{"name":"functions"},"function":{"name":"us-central1-api"},"extension":{},"message":"\u001b[90m> \u001b[39m  payment.js에서 가져온 total의 양은 다음과 같다!!   80000"}}
[debug] [2022-10-04T14:57:30.144Z] [worker-us-central1-api-fa21659d-fc50-40d2-a761-4865ab437e2a]: IDLE {"metadata":{"emulator":{"name":"functions"},"message":"[worker-us-central1-api-fa21659d-fc50-40d2-a761-4865ab437e2a]: IDLE"}}
[debug] [2022-10-04T14:57:30.144Z] [work-queue] {"queueLength":0,"workRunningCount":1}
[info] i  functions: Finished "api" in 347.740959ms {"metadata":{"emulator":{"name":"functions"},"function":{"name":"us-central1-api"},"extension":{},"message":"Finished \"api\" in 347.740959ms"}}
[debug] [2022-10-04T14:57:30.474Z] [worker-us-central1-api-12ecab8a-86d0-484f-bc1f-4c2ed31de3eb]: IDLE {"metadata":{"emulator":{"name":"functions"},"message":"[worker-us-central1-api-12ecab8a-86d0-484f-bc1f-4c2ed31de3eb]: IDLE"}}
[debug] [2022-10-04T14:57:30.474Z] [work-queue] {"queueLength":0,"workRunningCount":0}
[info] i  functions: Finished "api" in 662.316625ms {"metadata":{"emulator":{"name":"functions"},"function":{"name":"us-central1-api"},"extension":{},"message":"Finished \"api\" in 662.316625ms"}}
[debug] [2022-10-04T15:23:57.324Z] [work-queue] {"queueLength":1,"workRunningCount":0}
[debug] [2022-10-04T15:23:57.334Z] [work-queue] {"queueLength":0,"workRunningCount":1}
[debug] [2022-10-04T15:23:57.335Z] Accepted request POST /project-b9e3c/us-central1/api/payments/create?total=80000 --> us-central1-api
[debug] [2022-10-04T15:23:57.346Z] [functions] Runtime ready! Sending request! {"metadata":{"emulator":{"name":"functions"},"message":"[functions] Runtime ready! Sending request!"}}
[debug] [2022-10-04T15:23:57.349Z] [functions] Got req.url=/project-b9e3c/us-central1/api/payments/create?total=80000, mapping to path=/payments/create?total=80000 {"metadata":{"emulator":{"name":"functions"},"message":"[functions] Got req.url=/project-b9e3c/us-central1/api/payments/create?total=80000, mapping to path=/payments/create?total=80000"}}
[debug] [2022-10-04T15:23:57.351Z] [worker-pool] submitRequest(triggerId=us-central1-api) {"metadata":{"emulator":{"name":"functions"},"message":"[worker-pool] submitRequest(triggerId=us-central1-api)"}}
[debug] [2022-10-04T15:23:57.351Z] [worker-us-central1-api-fa21659d-fc50-40d2-a761-4865ab437e2a]: BUSY {"metadata":{"emulator":{"name":"functions"},"message":"[worker-us-central1-api-fa21659d-fc50-40d2-a761-4865ab437e2a]: BUSY"}}
[debug] [2022-10-04T15:23:57.365Z] [work-queue] {"queueLength":1,"workRunningCount":1}
[debug] [2022-10-04T15:23:57.365Z] [work-queue] {"queueLength":0,"workRunningCount":2}
[debug] [2022-10-04T15:23:57.365Z] Accepted request POST /project-b9e3c/us-central1/api/payments/create?total=80000 --> us-central1-api
[debug] [2022-10-04T15:23:57.366Z] [functions] Runtime ready! Sending request! {"metadata":{"emulator":{"name":"functions"},"message":"[functions] Runtime ready! Sending request!"}}
[debug] [2022-10-04T15:23:57.367Z] [functions] Got req.url=/project-b9e3c/us-central1/api/payments/create?total=80000, mapping to path=/payments/create?total=80000 {"metadata":{"emulator":{"name":"functions"},"message":"[functions] Got req.url=/project-b9e3c/us-central1/api/payments/create?total=80000, mapping to path=/payments/create?total=80000"}}
[debug] [2022-10-04T15:23:57.367Z] [worker-pool] submitRequest(triggerId=us-central1-api) {"metadata":{"emulator":{"name":"functions"},"message":"[worker-pool] submitRequest(triggerId=us-central1-api)"}}
[debug] [2022-10-04T15:23:57.368Z] [worker-us-central1-api-12ecab8a-86d0-484f-bc1f-4c2ed31de3eb]: BUSY {"metadata":{"emulator":{"name":"functions"},"message":"[worker-us-central1-api-12ecab8a-86d0-484f-bc1f-4c2ed31de3eb]: BUSY"}}
[info] i  functions: Beginning execution of "api" {"metadata":{"emulator":{"name":"functions"},"function":{"name":"us-central1-api"},"extension":{},"message":"Beginning execution of \"api\""}}
[info] >   payment.js에서 가져온 total의 양은 다음과 같다!!   80000 {"user":" payment.js에서 가져온 total의 양은 다음과 같다!!   80000","metadata":{"emulator":{"name":"functions"},"function":{"name":"us-central1-api"},"extension":{},"message":"\u001b[90m> \u001b[39m  payment.js에서 가져온 total의 양은 다음과 같다!!   80000"}}
[info] i  functions: Beginning execution of "api" {"metadata":{"emulator":{"name":"functions"},"function":{"name":"us-central1-api"},"extension":{},"message":"Beginning execution of \"api\""}}
[info] >   payment.js에서 가져온 total의 양은 다음과 같다!!   80000 {"user":" payment.js에서 가져온 total의 양은 다음과 같다!!   80000","metadata":{"emulator":{"name":"functions"},"function":{"name":"us-central1-api"},"extension":{},"message":"\u001b[90m> \u001b[39m  payment.js에서 가져온 total의 양은 다음과 같다!!   80000"}}
[debug] [2022-10-04T15:23:57.917Z] [worker-us-central1-api-12ecab8a-86d0-484f-bc1f-4c2ed31de3eb]: IDLE {"metadata":{"emulator":{"name":"functions"},"message":"[worker-us-central1-api-12ecab8a-86d0-484f-bc1f-4c2ed31de3eb]: IDLE"}}
[debug] [2022-10-04T15:23:57.917Z] [work-queue] {"queueLength":0,"workRunningCount":1}
[info] i  functions: Finished "api" in 494.321167ms {"metadata":{"emulator":{"name":"functions"},"function":{"name":"us-central1-api"},"extension":{},"message":"Finished \"api\" in 494.321167ms"}}
[debug] [2022-10-04T15:23:57.964Z] [worker-us-central1-api-fa21659d-fc50-40d2-a761-4865ab437e2a]: IDLE {"metadata":{"emulator":{"name":"functions"},"message":"[worker-us-central1-api-fa21659d-fc50-40d2-a761-4865ab437e2a]: IDLE"}}
[debug] [2022-10-04T15:23:57.964Z] [work-queue] {"queueLength":0,"workRunningCount":0}
[info] i  functions: Finished "api" in 556.266875ms {"metadata":{"emulator":{"name":"functions"},"function":{"name":"us-central1-api"},"extension":{},"message":"Finished \"api\" in 556.266875ms"}}
[debug] [2022-10-04T15:25:07.850Z] [work-queue] {"queueLength":1,"workRunningCount":0}
[debug] [2022-10-04T15:25:07.852Z] [work-queue] {"queueLength":0,"workRunningCount":1}
[debug] [2022-10-04T15:25:07.852Z] Accepted request POST /project-b9e3c/us-central1/api/payments/create?total=60000 --> us-central1-api
[debug] [2022-10-04T15:25:07.855Z] [functions] Runtime ready! Sending request! {"metadata":{"emulator":{"name":"functions"},"message":"[functions] Runtime ready! Sending request!"}}
[debug] [2022-10-04T15:25:07.856Z] [functions] Got req.url=/project-b9e3c/us-central1/api/payments/create?total=60000, mapping to path=/payments/create?total=60000 {"metadata":{"emulator":{"name":"functions"},"message":"[functions] Got req.url=/project-b9e3c/us-central1/api/payments/create?total=60000, mapping to path=/payments/create?total=60000"}}
[debug] [2022-10-04T15:25:07.857Z] [worker-pool] submitRequest(triggerId=us-central1-api) {"metadata":{"emulator":{"name":"functions"},"message":"[worker-pool] submitRequest(triggerId=us-central1-api)"}}
[debug] [2022-10-04T15:25:07.857Z] [worker-us-central1-api-fa21659d-fc50-40d2-a761-4865ab437e2a]: BUSY {"metadata":{"emulator":{"name":"functions"},"message":"[worker-us-central1-api-fa21659d-fc50-40d2-a761-4865ab437e2a]: BUSY"}}
[debug] [2022-10-04T15:25:07.860Z] [work-queue] {"queueLength":1,"workRunningCount":1}
[debug] [2022-10-04T15:25:07.860Z] [work-queue] {"queueLength":0,"workRunningCount":2}
[debug] [2022-10-04T15:25:07.860Z] Accepted request POST /project-b9e3c/us-central1/api/payments/create?total=60000 --> us-central1-api
[debug] [2022-10-04T15:25:07.861Z] [functions] Runtime ready! Sending request! {"metadata":{"emulator":{"name":"functions"},"message":"[functions] Runtime ready! Sending request!"}}
[debug] [2022-10-04T15:25:07.861Z] [functions] Got req.url=/project-b9e3c/us-central1/api/payments/create?total=60000, mapping to path=/payments/create?total=60000 {"metadata":{"emulator":{"name":"functions"},"message":"[functions] Got req.url=/project-b9e3c/us-central1/api/payments/create?total=60000, mapping to path=/payments/create?total=60000"}}
[debug] [2022-10-04T15:25:07.861Z] [worker-pool] submitRequest(triggerId=us-central1-api) {"metadata":{"emulator":{"name":"functions"},"message":"[worker-pool] submitRequest(triggerId=us-central1-api)"}}
[debug] [2022-10-04T15:25:07.861Z] [worker-us-central1-api-12ecab8a-86d0-484f-bc1f-4c2ed31de3eb]: BUSY {"metadata":{"emulator":{"name":"functions"},"message":"[worker-us-central1-api-12ecab8a-86d0-484f-bc1f-4c2ed31de3eb]: BUSY"}}
[info] i  functions: Beginning execution of "api" {"metadata":{"emulator":{"name":"functions"},"function":{"name":"us-central1-api"},"extension":{},"message":"Beginning execution of \"api\""}}
[info] >   payment.js에서 가져온 total의 양은 다음과 같다!!   60000 {"user":" payment.js에서 가져온 total의 양은 다음과 같다!!   60000","metadata":{"emulator":{"name":"functions"},"function":{"name":"us-central1-api"},"extension":{},"message":"\u001b[90m> \u001b[39m  payment.js에서 가져온 total의 양은 다음과 같다!!   60000"}}
[info] i  functions: Beginning execution of "api" {"metadata":{"emulator":{"name":"functions"},"function":{"name":"us-central1-api"},"extension":{},"message":"Beginning execution of \"api\""}}
[info] >   payment.js에서 가져온 total의 양은 다음과 같다!!   60000 {"user":" payment.js에서 가져온 total의 양은 다음과 같다!!   60000","metadata":{"emulator":{"name":"functions"},"function":{"name":"us-central1-api"},"extension":{},"message":"\u001b[90m> \u001b[39m  payment.js에서 가져온 total의 양은 다음과 같다!!   60000"}}
[debug] [2022-10-04T15:25:08.224Z] [worker-us-central1-api-fa21659d-fc50-40d2-a761-4865ab437e2a]: IDLE {"metadata":{"emulator":{"name":"functions"},"message":"[worker-us-central1-api-fa21659d-fc50-40d2-a761-4865ab437e2a]: IDLE"}}
[debug] [2022-10-04T15:25:08.224Z] [work-queue] {"queueLength":0,"workRunningCount":1}
[info] i  functions: Finished "api" in 353.204416ms {"metadata":{"emulator":{"name":"functions"},"function":{"name":"us-central1-api"},"extension":{},"message":"Finished \"api\" in 353.204416ms"}}
[debug] [2022-10-04T15:25:08.234Z] [worker-us-central1-api-12ecab8a-86d0-484f-bc1f-4c2ed31de3eb]: IDLE {"metadata":{"emulator":{"name":"functions"},"message":"[worker-us-central1-api-12ecab8a-86d0-484f-bc1f-4c2ed31de3eb]: IDLE"}}
[debug] [2022-10-04T15:25:08.234Z] [work-queue] {"queueLength":0,"workRunningCount":0}
[info] i  functions: Finished "api" in 349.936ms {"metadata":{"emulator":{"name":"functions"},"function":{"name":"us-central1-api"},"extension":{},"message":"Finished \"api\" in 349.936ms"}}
